<?xml version="1.0" encoding="UTF-8"?>
<!-- Generated by org.testng.reporters.JUnitXMLReporter -->
<testsuite ignored="0" hostname="LAPTOP-PDGOCL0O" failures="0" tests="4" name="Test" time="31.66" errors="0" timestamp="2025-06-01T01:26:08 IST">
  <testcase classname="testCases.TC2_LogIn" name="login" time="2.45"/>
  <testcase classname="testCases.TC2_LogIn" name="login" time="2.321"/>
  <testcase classname="testCases.TC2_LogIn" name="login" time="2.419"/>
  <testcase classname="testCases.TC2_LogIn" name="login" time="2.431"/>
</testsuite> <!-- Test -->
