<?xml version="1.0" encoding="UTF-8"?>
<testng-results ignored="0" total="4" passed="4" failed="0" skipped="0">
  <reporter-output>
  </reporter-output>
  <suite started-at="2025-06-01T01:25:36 IST" name="MSuite" finished-at="2025-06-01T01:26:08 IST" duration-ms="31660">
    <groups>
    </groups>
    <test started-at="2025-06-01T01:25:36 IST" name="Test" finished-at="2025-06-01T01:26:08 IST" duration-ms="31660">
      <class name="testCases.TC2_LogIn">
        <test-method is-config="true" signature="setup(java.lang.String,java.lang.String)[pri:0, instance:testCases.TC2_LogIn@63070bab]" started-at="2025-06-01T01:25:36 IST" name="setup" finished-at="2025-06-01T01:25:58 IST" duration-ms="21312" status="PASS">
          <params>
            <param index="0">
              <value>
                <![CDATA[linux]]>
              </value>
            </param>
            <param index="1">
              <value>
                <![CDATA[chrome]]>
              </value>
            </param>
          </params>
          <reporter-output>
          </reporter-output>
        </test-method> <!-- setup -->
        <test-method signature="login(java.lang.String,java.lang.String)[pri:0, instance:testCases.TC2_LogIn@63070bab]" started-at="2025-06-01T01:25:58 IST" name="login" data-provider="loginData" finished-at="2025-06-01T01:26:01 IST" duration-ms="2450" status="PASS">
          <params>
            <param index="0">
              <value>
                <![CDATA[jOzWp@gmail.com]]>
              </value>
            </param>
            <param index="1">
              <value>
                <![CDATA[pi6cOWT2]]>
              </value>
            </param>
          </params>
          <reporter-output>
          </reporter-output>
        </test-method> <!-- login -->
        <test-method signature="login(java.lang.String,java.lang.String)[pri:0, instance:testCases.TC2_LogIn@63070bab]" started-at="2025-06-01T01:26:01 IST" name="login" data-provider="loginData" finished-at="2025-06-01T01:26:03 IST" duration-ms="2321" status="PASS">
          <params>
            <param index="0">
              <value>
                <![CDATA[BAdNe@gmail.com]]>
              </value>
            </param>
            <param index="1">
              <value>
                <![CDATA[VT8Px0jl]]>
              </value>
            </param>
          </params>
          <reporter-output>
          </reporter-output>
        </test-method> <!-- login -->
        <test-method signature="login(java.lang.String,java.lang.String)[pri:0, instance:testCases.TC2_LogIn@63070bab]" started-at="2025-06-01T01:26:03 IST" name="login" data-provider="loginData" finished-at="2025-06-01T01:26:05 IST" duration-ms="2419" status="PASS">
          <params>
            <param index="0">
              <value>
                <![CDATA[lRFcN@gmail.com]]>
              </value>
            </param>
            <param index="1">
              <value>
                <![CDATA[y4YmTBYh]]>
              </value>
            </param>
          </params>
          <reporter-output>
          </reporter-output>
        </test-method> <!-- login -->
        <test-method signature="login(java.lang.String,java.lang.String)[pri:0, instance:testCases.TC2_LogIn@63070bab]" started-at="2025-06-01T01:26:05 IST" name="login" data-provider="loginData" finished-at="2025-06-01T01:26:08 IST" duration-ms="2431" status="PASS">
          <params>
            <param index="0">
              <value>
                <![CDATA[yAIZD@gmail.com]]>
              </value>
            </param>
            <param index="1">
              <value>
                <![CDATA[vlolwTVV]]>
              </value>
            </param>
          </params>
          <reporter-output>
          </reporter-output>
        </test-method> <!-- login -->
        <test-method is-config="true" signature="wrapup()[pri:0, instance:testCases.TC2_LogIn@63070bab]" started-at="2025-06-01T01:26:08 IST" name="wrapup" finished-at="2025-06-01T01:26:08 IST" duration-ms="85" status="PASS">
          <reporter-output>
          </reporter-output>
        </test-method> <!-- wrapup -->
      </class> <!-- testCases.TC2_LogIn -->
    </test> <!-- Test -->
  </suite> <!-- MSuite -->
</testng-results>
